<?xml version="1.0" encoding="UTF-8"?>
<testng-results skipped="0" failed="0" ignored="0" total="1" passed="1">
  <reporter-output>
  </reporter-output>
  <suite name="Suite" duration-ms="162" started-at="2018-10-26T22:45:58Z" finished-at="2018-10-26T22:45:58Z">
    <groups>
    </groups>
    <test name="Test" duration-ms="162" started-at="2018-10-26T22:45:58Z" finished-at="2018-10-26T22:45:58Z">
      <class name="TESTS.TC001">
        <test-method status="PASS" signature="dummy()[pri:0, instance:TESTS.TC001@6a41eaa2]" name="dummy" duration-ms="44" started-at="2018-10-26T15:45:58Z" finished-at="2018-10-26T15:45:58Z">
          <reporter-output>
          </reporter-output>
        </test-method> <!-- dummy -->
      </class> <!-- TESTS.TC001 -->
    </test> <!-- Test -->
  </suite> <!-- Suite -->
</testng-results>
